<?xml version="1.0" encoding="UTF-8"?>
<testng-results skipped="0" failed="0" ignored="0" total="1" passed="1">
  <reporter-output>
  </reporter-output>
  <suite name="Default suite" duration-ms="11807" started-at="2019-12-16T17:20:56 IST" finished-at="2019-12-16T17:21:07 IST">
    <groups>
    </groups>
    <test name="Default test" duration-ms="11807" started-at="2019-12-16T17:20:56 IST" finished-at="2019-12-16T17:21:07 IST">
      <class name="com.wordpress.pageactions.loginPage">
        <test-method status="PASS" signature="setUp()[pri:0, instance:com.wordpress.pageactions.loginPage@1f36e637]" name="setUp" is-config="true" duration-ms="9668" started-at="2019-12-16T17:20:56 IST" finished-at="2019-12-16T17:21:06 IST">
          <reporter-output>
          </reporter-output>
        </test-method> <!-- setUp -->
        <test-method status="PASS" signature="doLogin(java.lang.String, java.lang.String)[pri:0, instance:com.wordpress.pageactions.loginPage@1f36e637]" name="doLogin" duration-ms="791" started-at="2019-12-16T17:21:06 IST" data-provider="provideData" finished-at="2019-12-16T17:21:06 IST">
          <params>
            <param index="0">
              <value>
                <![CDATA[opensourcecmss]]>
              </value>
            </param>
            <param index="1">
              <value>
                <![CDATA[opensourcecms]]>
              </value>
            </param>
          </params>
          <reporter-output>
          </reporter-output>
        </test-method> <!-- doLogin -->
        <test-method status="PASS" signature="tearDown()[pri:0, instance:com.wordpress.pageactions.loginPage@1f36e637]" name="tearDown" is-config="true" duration-ms="934" started-at="2019-12-16T17:21:06 IST" finished-at="2019-12-16T17:21:07 IST">
          <reporter-output>
          </reporter-output>
        </test-method> <!-- tearDown -->
      </class> <!-- com.wordpress.pageactions.loginPage -->
    </test> <!-- Default test -->
  </suite> <!-- Default suite -->
</testng-results>
